<?xml version="1.0" encoding="UTF-8"?>
<!-- Generated by org.testng.reporters.JUnitReportReporter -->
<testsuite hostname="QT-INBG-LT0846" failures="0" tests="2" name="selenium.QTAutomation.TestngImplementation" time="0.011" errors="0" timestamp="2022-07-28T11:52:26 IST" skipped="0">
  <testcase classname="selenium.QTAutomation.TestngImplementation" name="sadd" time="0.001"/>
  <system-out/>
  <testcase classname="selenium.QTAutomation.TestngImplementation" name="asub" time="0.010"/>
  <system-out/>
</testsuite> <!-- selenium.QTAutomation.TestngImplementation -->
